<?xml version="1.0" encoding="UTF-8"?>
<testng-results skipped="0" failed="0" ignored="0" total="1" passed="1">
  <reporter-output>
  </reporter-output>
  <suite name="Suite" duration-ms="11235" started-at="2020-11-01T21:38:57Z" finished-at="2020-11-01T21:39:08Z">
    <groups>
    </groups>
    <test name="EnvironmTest" duration-ms="11235" started-at="2020-11-01T21:38:57Z" finished-at="2020-11-01T21:39:08Z">
      <class name="seleniumFramework.InviromentTest">
        <test-method status="PASS" signature="BeforeTest(java.lang.String, java.lang.String)[pri:0, instance:seleniumFramework.InviromentTest@14acaea5]" name="BeforeTest" is-config="true" duration-ms="7545" started-at="2020-11-01T21:38:57Z" finished-at="2020-11-01T21:39:05Z">
          <params>
            <param index="0">
              <value>
                <![CDATA[chrome]]>
              </value>
            </param>
            <param index="1">
              <value>
                <![CDATA[headLess]]>
              </value>
            </param>
          </params>
          <reporter-output>
          </reporter-output>
        </test-method> <!-- BeforeTest -->
        <test-method status="PASS" signature="goToGoogle()[pri:0, instance:seleniumFramework.InviromentTest@14acaea5]" name="goToGoogle" duration-ms="3053" started-at="2020-11-01T21:39:05Z" finished-at="2020-11-01T21:39:08Z">
          <reporter-output>
          </reporter-output>
        </test-method> <!-- goToGoogle -->
        <test-method status="PASS" signature="AfterTest()[pri:0, instance:seleniumFramework.InviromentTest@14acaea5]" name="AfterTest" is-config="true" duration-ms="572" started-at="2020-11-01T21:39:08Z" finished-at="2020-11-01T21:39:08Z">
          <reporter-output>
          </reporter-output>
        </test-method> <!-- AfterTest -->
      </class> <!-- seleniumFramework.InviromentTest -->
    </test> <!-- EnvironmTest -->
  </suite> <!-- Suite -->
</testng-results>
